This error related to function from_txt_to_csv function of manual_linea_regression notebook
[Errno 2] No such file or directory: 'csv_filses/ex1data1.csv'
###################################################################################################
This error related to function from_txt_to_csv function of manual_linea_regression notebook
[Errno 2] File b'ex1/ex1data1.txt' does not exist: b'ex1/ex1data1.txt'
###################################################################################################
This error related to function from_txt_to_csv function of manual_linea_regression notebook
[Errno 2] File b'ex1/ex1data2.txt' does not exist: b'ex1/ex1data2.txt'
###################################################################################################
This error related to function from_txt_to_csv function of manual_linea_regression notebook
[Errno 2] File b'ex1/ex1data2.txt' does not exist: b'ex1/ex1data2.txt'
###################################################################################################
This error related to function from_txt_to_csv function of manual_linea_regression notebook
[Errno 2] File b'ex1/ex1data1.txt' does not exist: b'ex1/ex1data1.txt'
###################################################################################################
This error related to function from_txt_to_csv function of manual_linea_regression notebook
[Errno 2] File b'ex1/ex1data2.txt' does not exist: b'ex1/ex1data2.txt'
###################################################################################################
This error related to function from_txt_to_csv function of manual_linea_regression notebook
[Errno 2] File b'ex1/ex1data2.txt' does not exist: b'ex1/ex1data2.txt'
###################################################################################################
This error related to function from_txt_to_csv function of manual_linea_regression notebook
[Errno 2] File b'ex1/ex1data1.txt' does not exist: b'ex1/ex1data1.txt'
###################################################################################################
This error related to function from_txt_to_csv function of manual_linea_regression notebook
[Errno 2] File b'ex1/ex1data2.txt' does not exist: b'ex1/ex1data2.txt'
###################################################################################################
This error related to function from_txt_to_csv function of manual_linea_regression notebook
[Errno 2] File b'ex1/ex1data2.txt' does not exist: b'ex1/ex1data2.txt'
###################################################################################################
This error related to function from_txt_to_csv function of manual_linea_regression notebook
name 'pd' is not defined
###################################################################################################
This error related to function from_txt_to_csv function of manual_linea_regression notebook
File b'z/ex1data1.txt' does not exist
###################################################################################################
This error related to function from_txt_to_csv function of manual_linea_regression notebook
File b'z/ex1data2.txt' does not exist
###################################################################################################
This error related to function from_txt_to_csv function of manual_linea_regression notebook
File b'z/ex1data2.txt' does not exist
###################################################################################################
This error related to function from_txt_to_csv function of manual_linea_regression notebook
File b'z/ex1data1.txt' does not exist
###################################################################################################
This error related to function from_txt_to_csv function of manual_linea_regression notebook
File b'z/ex1data2.txt' does not exist
###################################################################################################
This error related to function from_txt_to_csv function of manual_linea_regression notebook
File b'z/ex1data2.txt' does not exist
###################################################################################################
